<?xml version="1.0" encoding="UTF-8"?>
<!-- Generated by org.testng.reporters.JUnitReportReporter -->
<testsuite hostname="DC5CG13886V3" failures="0" tests="3" name="Rahul_API.DynamicJson" time="3.739" errors="0" timestamp="2022-03-27T21:40:51 NZDT" skipped="0">
  <testcase classname="Rahul_API.DynamicJson" name="addBook" time="2.069"/>
  <system-out/>
  <testcase classname="Rahul_API.DynamicJson" name="addBook" time="0.831"/>
  <system-out/>
  <testcase classname="Rahul_API.DynamicJson" name="addBook" time="0.839"/>
  <system-out/>
</testsuite> <!-- Rahul_API.DynamicJson -->
