<?xml version="1.0" encoding="UTF-8"?>
<!-- Generated by org.testng.reporters.JUnitReportReporter -->
<testsuite hostname="DC5CG13886V3" name="Rahul_API.ComplexJsonParse" tests="2" failures="0" timestamp="24 Mar 2022 18:41:20 GMT" time="0.873" errors="0">
  <testcase name="Testing" time="0.813" classname="Rahul_API.ComplexJsonParse"/>
  <testcase name="sumOfCourses" time="0.060" classname="Rahul_API.ComplexJsonParse"/>
</testsuite> <!-- Rahul_API.ComplexJsonParse -->
