<?xml version="1.0" encoding="UTF-8"?>
<!-- Generated by org.testng.reporters.JUnitReportReporter -->
<testsuite hostname="DC5CG13886V3" name="postRequest" tests="1" failures="0" timestamp="23 Mar 2022 21:45:23 GMT" time="2.497" errors="0">
  <testcase name="registrationPost" time="2.497" classname="postRequest"/>
</testsuite> <!-- postRequest -->
