<?xml version="1.0" encoding="UTF-8"?>
<!-- Generated by org.testng.reporters.JUnitReportReporter -->
<testsuite hostname="DC5CG13886V3" name="Get_Request" tests="1" failures="0" timestamp="24 Mar 2022 03:41:25 GMT" time="2.364" errors="0">
  <testcase name="getRequests" time="2.364" classname="Get_Request"/>
</testsuite> <!-- Get_Request -->
