<?xml version="1.0" encoding="UTF-8"?>
<!-- Generated by org.testng.reporters.JUnitReportReporter -->
<testsuite hostname="DC5CG13886V3" name="Rahul_API.Test_Basic" tests="1" failures="0" timestamp="24 Mar 2022 22:33:56 GMT" time="9.892" errors="0">
  <testcase name="main" time="9.892" classname="Rahul_API.Test_Basic"/>
</testsuite> <!-- Rahul_API.Test_Basic -->
